computePairwiseDistances starting on 2019/10/20 13:43:14.6 
Hostname dimitris.cims.nyu.edu
 
Path ./data/nlsa/processed_data/r2_r1.00_f5.48_aTheta1.00_dt0.049087_nS8194_nSSpin0_idxX1_2_ifCent0_idxE1_idxT2-8193_central_fdOrd2/l2_nN200 
Local distance function class           = nlsaLocalDistanceFunction  
Number of query samples                 = 8192, 
Number of test samples                  = 8192, 
Number of nearest neighbors             = 200, 
Number of realizations for query        = 1, 
Number of realizations for test         = 1, 
Number of query batches                 = 3, 
Number of test batches                  = 3, 
Max batch size                          = 2731, 
Min batch size                          = 2730, 
Number of components                    = 1, 
Max compoment physical space dimension  = 2, 
Min component physical space dimension  = 2, 
Max compoment embedding space dimension = 2, 
Min component embedding space dimension = 2, 
------------------------------------ 
Global query batch      1/3 
Realization       1/1 
Local batch       1/3 
Number of samples 2731 
ALLOCATE 1/3 0.0114 
READQ component 1/1, realization 1/1, local batch 1/3, global batch 1/3 (2731 samples) 0.0029 
DMAT component 1/1, realization 1-1, local batches 1-1, global batches 1-1 0.1787 
MINK component 1/1, realization 1-1, local batches 1-1, global batches 1-1 (200 sorted samples)  0.3017 
READT component 1/1, realization 1/1, local batch 2/3, global batch 2/3 (2731 samples) 0.0023 
DMAT component 1/1, realization 1-1, local batches 1-2, global batches 1-2 0.1566 
MINK component 1/1, realization 1-1, local batches 1-2, global batches 1-2 (200 sorted samples)  0.1916 
READT component 1/1, realization 1/1, local batch 3/3, global batch 3/3 (2730 samples) 0.0024 
DMAT component 1/1, realization 1-1, local batches 1-3, global batches 1-3 0.1426 
MINK component 1/1, realization 1-1, local batches 1-3, global batches 1-3 (200 sorted samples)  0.1702 
WRITEDIST realization 1/1, local batch 1/3, global batch 1/3  0.0962 
------------------------------------ 
Global query batch      2/3 
Realization       1/1 
Local batch       2/3 
Number of samples 2731 
ALLOCATE 2/3 0.0113 
READQ component 1/1, realization 1/1, local batch 2/3, global batch 2/3 (2731 samples) 0.0022 
READT component 1/1, realization 1/1, local batch 1/3, global batch 1/3 (2731 samples) 0.0016 
DMAT component 1/1, realization 1-1, local batches 2-1, global batches 2-1 0.1412 
MINK component 1/1, realization 1-1, local batches 2-1, global batches 2-1 (200 sorted samples)  0.3006 
DMAT component 1/1, realization 1-1, local batches 2-2, global batches 2-2 0.1833 
MINK component 1/1, realization 1-1, local batches 2-2, global batches 2-2 (200 sorted samples)  0.2091 
READT component 1/1, realization 1/1, local batch 3/3, global batch 3/3 (2730 samples) 0.0024 
DMAT component 1/1, realization 1-1, local batches 2-3, global batches 2-3 0.1424 
MINK component 1/1, realization 1-1, local batches 2-3, global batches 2-3 (200 sorted samples)  0.1744 
WRITEDIST realization 1/1, local batch 2/3, global batch 2/3  0.0934 
------------------------------------ 
Global query batch      3/3 
Realization       1/1 
Local batch       3/3 
Number of samples 2730 
ALLOCATE 3/3 0.0114 
READQ component 1/1, realization 1/1, local batch 3/3, global batch 3/3 (2730 samples) 0.0023 
READT component 1/1, realization 1/1, local batch 1/3, global batch 1/3 (2731 samples) 0.0019 
DMAT component 1/1, realization 1-1, local batches 3-1, global batches 3-1 0.1431 
MINK component 1/1, realization 1-1, local batches 3-1, global batches 3-1 (200 sorted samples)  0.2885 
READT component 1/1, realization 1/1, local batch 2/3, global batch 2/3 (2731 samples) 0.0021 
DMAT component 1/1, realization 1-1, local batches 3-2, global batches 3-2 0.1422 
MINK component 1/1, realization 1-1, local batches 3-2, global batches 3-2 (200 sorted samples)  0.1761 
DMAT component 1/1, realization 1-1, local batches 3-3, global batches 3-3 0.1821 
MINK component 1/1, realization 1-1, local batches 3-3, global batches 3-3 (200 sorted samples)  0.1626 
WRITEDIST realization 1/1, local batch 3/3, global batch 3/3  0.0878 
computePairwiseDistances finished on 2019/10/20 13:43:19.0 
